<?xml version="1.0" encoding="UTF-8"?>
<!-- Generated by org.testng.reporters.JUnitReportReporter -->
<testsuite hostname="LAPTOP-E0LBE5GM" failures="0" tests="1" name="testcases.register.Register01_Verify_Register_Successfully" time="3.028" errors="0" timestamp="2026-01-02T20:48:52 GMT+07:00" skipped="0">
  <testcase classname="testcases.register.Register01_Verify_Register_Successfully" name="Register01_Register_Successfully" time="3.028"/>
</testsuite> <!-- testcases.register.Register01_Verify_Register_Successfully -->
