<?xml version="1.0" encoding="UTF-8"?>
<testng-results ignored="0" total="1" passed="0" failed="1" skipped="0">
  <reporter-output>
  </reporter-output>
  <suite started-at="2026-01-05T18:48:20 GMT+07:00" name="Gradle suite" finished-at="2026-01-05T18:48:27 GMT+07:00" duration-ms="6537">
    <groups>
    </groups>
    <test started-at="2026-01-05T18:48:20 GMT+07:00" name="Gradle test" finished-at="2026-01-05T18:48:27 GMT+07:00" duration-ms="6537">
      <class name="testcases.login.Login01_Verify_Login_Successfully">
        <test-method is-config="true" signature="beforeSuite()[pri:0, instance:testcases.login.Login01_Verify_Login_Successfully@57fd91c9]" started-at="2026-01-05T18:48:20 GMT+07:00" name="beforeSuite" finished-at="2026-01-05T18:48:20 GMT+07:00" duration-ms="208" status="PASS">
          <reporter-output>
          </reporter-output>
        </test-method> <!-- beforeSuite -->
        <test-method is-config="true" signature="setup()[pri:0, instance:testcases.login.Login01_Verify_Login_Successfully@57fd91c9]" started-at="2026-01-05T18:48:20 GMT+07:00" name="setup" finished-at="2026-01-05T18:48:22 GMT+07:00" duration-ms="1963" status="PASS">
          <reporter-output>
          </reporter-output>
        </test-method> <!-- setup -->
        <test-method is-config="true" signature="beforeMethod(java.lang.reflect.Method)[pri:0, instance:testcases.login.Login01_Verify_Login_Successfully@57fd91c9]" started-at="2026-01-05T18:48:22 GMT+07:00" name="beforeMethod" finished-at="2026-01-05T18:48:22 GMT+07:00" duration-ms="15" status="PASS">
          <params>
            <param index="0">
              <value>
                <![CDATA[public void testcases.login.Login01_Verify_Login_Successfully.Login01_Login_Successfully()]]>
              </value>
            </param>
          </params>
          <reporter-output>
          </reporter-output>
        </test-method> <!-- beforeMethod -->
        <test-method signature="Login01_Login_Successfully()[pri:0, instance:testcases.login.Login01_Verify_Login_Successfully@57fd91c9]" started-at="2026-01-05T18:48:22 GMT+07:00" name="Login01_Login_Successfully" description="Verify that user can login successfully with valid account" finished-at="2026-01-05T18:48:25 GMT+07:00" duration-ms="3008" status="FAIL">
          <exception class="java.lang.AssertionError">
            <message>
              <![CDATA[Incorrect login message ! expected [Đăng nhập thành công 123] but found [Đăng nhập thành công]]]>
            </message>
            <full-stacktrace>
              <![CDATA[java.lang.AssertionError: Incorrect login message ! expected [Đăng nhập thành công 123] but found [Đăng nhập thành công]
at org.testng.Assert.fail(Assert.java:111)
at org.testng.Assert.failNotEquals(Assert.java:1590)
at org.testng.Assert.assertEqualsImpl(Assert.java:150)
at org.testng.Assert.assertEquals(Assert.java:132)
at org.testng.Assert.assertEquals(Assert.java:656)
at testcases.login.Login01_Verify_Login_Successfully.Login01_Login_Successfully(Login01_Verify_Login_Successfully.java:59)
at java.base/jdk.internal.reflect.DirectMethodHandleAccessor.invoke(DirectMethodHandleAccessor.java:104)
at java.base/java.lang.reflect.Method.invoke(Method.java:565)
at org.testng.internal.invokers.MethodInvocationHelper.invokeMethod(MethodInvocationHelper.java:141)
at org.testng.internal.invokers.TestInvoker.invokeMethod(TestInvoker.java:687)
at org.testng.internal.invokers.TestInvoker.invokeTestMethod(TestInvoker.java:230)
at org.testng.internal.invokers.MethodRunner.runInSequence(MethodRunner.java:63)
at org.testng.internal.invokers.TestInvoker$MethodInvocationAgent.invoke(TestInvoker.java:995)
at org.testng.internal.invokers.TestInvoker.invokeTestMethods(TestInvoker.java:203)
at org.testng.internal.invokers.TestMethodWorker.invokeTestMethods(TestMethodWorker.java:154)
at org.testng.internal.invokers.TestMethodWorker.run(TestMethodWorker.java:134)
at java.base/java.util.ArrayList.forEach(ArrayList.java:1604)
at org.testng.TestRunner.privateRun(TestRunner.java:741)
at org.testng.TestRunner.run(TestRunner.java:616)
at org.testng.SuiteRunner.runTest(SuiteRunner.java:421)
at org.testng.SuiteRunner.runSequentially(SuiteRunner.java:413)
at org.testng.SuiteRunner.privateRun(SuiteRunner.java:373)
at org.testng.SuiteRunner.run(SuiteRunner.java:312)
at org.testng.SuiteRunnerWorker.runSuite(SuiteRunnerWorker.java:52)
at org.testng.SuiteRunnerWorker.run(SuiteRunnerWorker.java:95)
at org.testng.TestNG.runSuitesSequentially(TestNG.java:1274)
at org.testng.TestNG.runSuitesLocally(TestNG.java:1208)
at org.testng.TestNG.runSuites(TestNG.java:1112)
at org.testng.TestNG.run(TestNG.java:1079)
at org.gradle.api.internal.tasks.testing.testng.TestNGTestRunner.runTests(TestNGTestRunner.java:131)
at org.gradle.api.internal.tasks.testing.testng.TestNGTestClassProcessor.stop(TestNGTestClassProcessor.java:103)
at org.gradle.api.internal.tasks.testing.SuiteTestClassProcessor.stop(SuiteTestClassProcessor.java:64)
at java.base/jdk.internal.reflect.DirectMethodHandleAccessor.invoke(DirectMethodHandleAccessor.java:104)
at java.base/java.lang.reflect.Method.invoke(Method.java:565)
at org.gradle.internal.dispatch.MethodInvocation.invokeOn(MethodInvocation.java:77)
at org.gradle.internal.dispatch.ReflectionDispatch.dispatch(ReflectionDispatch.java:28)
at org.gradle.internal.dispatch.ReflectionDispatch.dispatch(ReflectionDispatch.java:19)
at org.gradle.internal.dispatch.ContextClassLoaderDispatch.dispatch(ContextClassLoaderDispatch.java:33)
at org.gradle.internal.dispatch.ProxyDispatchAdapter$DispatchingInvocationHandler.invoke(ProxyDispatchAdapter.java:88)
at jdk.proxy1/jdk.proxy1.$Proxy4.stop(Unknown Source)
at org.gradle.api.internal.tasks.testing.worker.TestWorker$3.run(TestWorker.java:194)
at org.gradle.api.internal.tasks.testing.worker.TestWorker.executeAndMaintainThreadName(TestWorker.java:126)
at org.gradle.api.internal.tasks.testing.worker.TestWorker.execute(TestWorker.java:103)
at org.gradle.api.internal.tasks.testing.worker.TestWorker.execute(TestWorker.java:63)
at org.gradle.process.internal.worker.child.ActionExecutionWorker.execute(ActionExecutionWorker.java:56)
at org.gradle.process.internal.worker.child.SystemApplicationClassLoaderWorker.call(SystemApplicationClassLoaderWorker.java:122)
at org.gradle.process.internal.worker.child.SystemApplicationClassLoaderWorker.call(SystemApplicationClassLoaderWorker.java:72)
at worker.org.gradle.process.internal.worker.GradleWorkerMain.run(GradleWorkerMain.java:69)
at worker.org.gradle.process.internal.worker.GradleWorkerMain.main(GradleWorkerMain.java:74)
]]>
            </full-stacktrace>
          </exception> <!-- java.lang.AssertionError -->
          <reporter-output>
          </reporter-output>
        </test-method> <!-- Login01_Login_Successfully -->
        <test-method is-config="true" signature="afterMethod(org.testng.ITestResult)[pri:0, instance:testcases.login.Login01_Verify_Login_Successfully@57fd91c9]" started-at="2026-01-05T18:48:26 GMT+07:00" name="afterMethod" finished-at="2026-01-05T18:48:26 GMT+07:00" duration-ms="811" status="PASS">
          <params>
            <param index="0">
              <value>
                <![CDATA[[TestResult name=Login01_Login_Successfully status=FAILURE method=Login01_Verify_Login_Successfully.Login01_Login_Successfully()[pri:0, instance:testcases.login.Login01_Verify_Login_Successfully@57fd91c9] output={null}]]]>
              </value>
            </param>
          </params>
          <reporter-output>
          </reporter-output>
        </test-method> <!-- afterMethod -->
        <test-method is-config="true" signature="teardown()[pri:0, instance:testcases.login.Login01_Verify_Login_Successfully@57fd91c9]" started-at="2026-01-05T18:48:26 GMT+07:00" name="teardown" finished-at="2026-01-05T18:48:27 GMT+07:00" duration-ms="546" status="PASS">
          <reporter-output>
          </reporter-output>
        </test-method> <!-- teardown -->
        <test-method is-config="true" signature="afterSuite()[pri:0, instance:testcases.login.Login01_Verify_Login_Successfully@57fd91c9]" started-at="2026-01-05T18:48:27 GMT+07:00" name="afterSuite" finished-at="2026-01-05T18:48:27 GMT+07:00" duration-ms="500" status="PASS">
          <reporter-output>
          </reporter-output>
        </test-method> <!-- afterSuite -->
      </class> <!-- testcases.login.Login01_Verify_Login_Successfully -->
    </test> <!-- Gradle test -->
  </suite> <!-- Gradle suite -->
</testng-results>
