<?xml version="1.0" encoding="UTF-8"?>
<testng-results ignored="0" total="1" passed="1" failed="0" skipped="0">
  <reporter-output>
  </reporter-output>
  <suite started-at="2026-02-12T14:44:53 GMT+07:00" name="Gradle suite" finished-at="2026-02-12T14:45:02 GMT+07:00" duration-ms="9231">
    <groups>
    </groups>
    <test started-at="2026-02-12T14:44:53 GMT+07:00" name="Gradle test" finished-at="2026-02-12T14:45:02 GMT+07:00" duration-ms="9231">
      <class name="testcases.login.Login01_Verify_Login_Successfully">
        <test-method is-config="true" signature="beforeSuite()[pri:0, instance:testcases.login.Login01_Verify_Login_Successfully@57fd91c9]" started-at="2026-02-12T14:44:52 GMT+07:00" name="beforeSuite" finished-at="2026-02-12T14:44:53 GMT+07:00" duration-ms="127" status="PASS">
          <reporter-output>
          </reporter-output>
        </test-method> <!-- beforeSuite -->
        <test-method is-config="true" signature="setup(java.lang.String)[pri:0, instance:testcases.login.Login01_Verify_Login_Successfully@57fd91c9]" started-at="2026-02-12T14:44:53 GMT+07:00" name="setup" finished-at="2026-02-12T14:44:57 GMT+07:00" duration-ms="4019" status="PASS">
          <params>
            <param index="0">
              <value>
                <![CDATA[chrome]]>
              </value>
            </param>
          </params>
          <reporter-output>
          </reporter-output>
        </test-method> <!-- setup -->
        <test-method is-config="true" signature="beforeMethod(java.lang.reflect.Method)[pri:0, instance:testcases.login.Login01_Verify_Login_Successfully@57fd91c9]" started-at="2026-02-12T14:44:57 GMT+07:00" name="beforeMethod" finished-at="2026-02-12T14:44:57 GMT+07:00" duration-ms="10" status="PASS">
          <params>
            <param index="0">
              <value>
                <![CDATA[public void testcases.login.Login01_Verify_Login_Successfully.Login01_Login_Successfully()]]>
              </value>
            </param>
          </params>
          <reporter-output>
          </reporter-output>
        </test-method> <!-- beforeMethod -->
        <test-method signature="Login01_Login_Successfully()[pri:0, instance:testcases.login.Login01_Verify_Login_Successfully@57fd91c9]" started-at="2026-02-12T14:44:57 GMT+07:00" name="Login01_Login_Successfully" description="Verify that user can login successfully with valid account" finished-at="2026-02-12T14:45:02 GMT+07:00" duration-ms="4911" status="PASS">
          <reporter-output>
          </reporter-output>
        </test-method> <!-- Login01_Login_Successfully -->
        <test-method is-config="true" signature="afterMethod(org.testng.ITestResult)[pri:0, instance:testcases.login.Login01_Verify_Login_Successfully@57fd91c9]" started-at="2026-02-12T14:45:02 GMT+07:00" name="afterMethod" finished-at="2026-02-12T14:45:02 GMT+07:00" duration-ms="4" status="PASS">
          <params>
            <param index="0">
              <value>
                <![CDATA[[TestResult name=Login01_Login_Successfully status=SUCCESS method=Login01_Verify_Login_Successfully.Login01_Login_Successfully()[pri:0, instance:testcases.login.Login01_Verify_Login_Successfully@57fd91c9] output={null}]]]>
              </value>
            </param>
          </params>
          <reporter-output>
          </reporter-output>
        </test-method> <!-- afterMethod -->
        <test-method is-config="true" signature="teardown()[pri:0, instance:testcases.login.Login01_Verify_Login_Successfully@57fd91c9]" started-at="2026-02-12T14:45:02 GMT+07:00" name="teardown" finished-at="2026-02-12T14:45:02 GMT+07:00" duration-ms="229" status="PASS">
          <reporter-output>
          </reporter-output>
        </test-method> <!-- teardown -->
        <test-method is-config="true" signature="afterSuite()[pri:0, instance:testcases.login.Login01_Verify_Login_Successfully@57fd91c9]" started-at="2026-02-12T14:45:02 GMT+07:00" name="afterSuite" finished-at="2026-02-12T14:45:02 GMT+07:00" duration-ms="213" status="PASS">
          <reporter-output>
          </reporter-output>
        </test-method> <!-- afterSuite -->
      </class> <!-- testcases.login.Login01_Verify_Login_Successfully -->
    </test> <!-- Gradle test -->
  </suite> <!-- Gradle suite -->
</testng-results>
