<?xml version="1.0" encoding="UTF-8"?>
<!-- Generated by org.testng.reporters.JUnitXMLReporter -->
<testsuite ignored="0" hostname="LAPTOP-E0LBE5GM" failures="1" tests="1" name="Gradle test" time="6.537" errors="0" timestamp="2026-01-05T18:48:27 GMT+07:00">
  <testcase classname="testcases.login.Login01_Verify_Login_Successfully" name="Login01_Login_Successfully" time="3.008">
    <failure type="java.lang.AssertionError" message="Incorrect login message ! expected [Đăng nhập thành công 123] but found [Đăng nhập thành công]">
      <![CDATA[java.lang.AssertionError: Incorrect login message ! expected [Đăng nhập thành công 123] but found [Đăng nhập thành công]
at testcases.login.Login01_Verify_Login_Successfully.Login01_Login_Successfully(Login01_Verify_Login_Successfully.java:59)
at java.base/java.util.ArrayList.forEach(ArrayList.java:1604)
at jdk.proxy1/jdk.proxy1.$Proxy4.stop(Unknown Source)
... Removed 46 stack frames]]>
    </failure>
  </testcase> <!-- Login01_Login_Successfully -->
</testsuite> <!-- Gradle test -->
